<?xml version="1.0" encoding="UTF-8"?>
<testsuite xmlns:xsi="http://www.w3.org/2001/XMLSchema-instance" xsi:noNamespaceSchemaLocation="https://maven.apache.org/surefire/maven-surefire-plugin/xsd/surefire-test-report.xsd" version="3.0.2" name="br.com.minsait.tests.CadastroPetTest" time="18.002" tests="3" errors="0" skipped="0" failures="0">
  <properties>
[...]
</properties>
  <testcase name="cadastrarPetComSucesso" classname="br.com.minsait.tests.CadastroPetTest" time="8.272">
    <system-err><![CDATA[jun. 07, 2026 11:39:07 AM org.openqa.selenium.devtools.CdpVersionFinder findNearestMatch
WARNING: Unable to find an exact match for CDP version 148, returning the closest version; found: 147; Please update to a Selenium version that supports CDP version 148
]]></system-err>
  </testcase>
  <testcase name="exibirPromocao" classname="br.com.minsait.tests.CadastroPetTest" time="4.532">
    <system-err><![CDATA[jun. 07, 2026 11:39:14 AM org.openqa.selenium.devtools.CdpVersionFinder findNearestMatch
WARNING: Unable to find an exact match for CDP version 148, returning the closest version; found: 147; Please update to a Selenium version that supports CDP version 148
]]></system-err>
  </testcase>
  <testcase name="validarCamposObrigatorios" classname="br.com.minsait.tests.CadastroPetTest" time="5.11">
    <system-err><![CDATA[jun. 07, 2026 11:39:19 AM org.openqa.selenium.devtools.CdpVersionFinder findNearestMatch
WARNING: Unable to find an exact match for CDP version 148, returning the closest version; found: 147; Please update to a Selenium version that supports CDP version 148
]]></system-err>
  </testcase>
</testsuite>